0 info it worked if it ends with ok
1 verbose cli [ 'C:\\Program Files\\nodejs\\node.exe',
1 verbose cli   'C:\\Users\\Admin\\AppData\\Roaming\\npm\\node_modules\\npm\\bin\\npm-cli.js',
1 verbose cli   'publish' ]
2 info using npm@3.10.8
3 info using node@v6.9.1
4 verbose publish [ '.' ]
5 silly cache add args [ '.', null ]
6 verbose cache add spec .
7 silly cache add parsed spec Result {
7 silly cache add   raw: '.',
7 silly cache add   scope: null,
7 silly cache add   escapedName: null,
7 silly cache add   name: null,
7 silly cache add   rawSpec: '.',
7 silly cache add   spec: 'C:\\Users\\Admin\\Desktop\\react-classnamePrefix-loader',
7 silly cache add   type: 'directory' }
8 verbose addLocalDirectory C:\Users\Admin\AppData\Roaming\npm-cache\react-classnamePrefix-loader\1.0.0\package.tgz not in flight; packing
9 verbose correctMkdir C:\Users\Admin\AppData\Roaming\npm-cache correctMkdir not in flight; initializing
10 info lifecycle react-classnamePrefix-loader@1.0.0~prepublish: react-classnamePrefix-loader@1.0.0
11 silly lifecycle react-classnamePrefix-loader@1.0.0~prepublish: no script for prepublish, continuing
12 verbose tar pack [ 'C:\\Users\\Admin\\AppData\\Roaming\\npm-cache\\react-classnamePrefix-loader\\1.0.0\\package.tgz',
12 verbose tar pack   'C:\\Users\\Admin\\Desktop\\react-classnamePrefix-loader' ]
13 verbose tarball C:\Users\Admin\AppData\Roaming\npm-cache\react-classnamePrefix-loader\1.0.0\package.tgz
14 verbose folder C:\Users\Admin\Desktop\react-classnamePrefix-loader
15 verbose addLocalTarball adding from inside cache C:\Users\Admin\AppData\Roaming\npm-cache\react-classnamePrefix-loader\1.0.0\package.tgz
16 verbose correctMkdir C:\Users\Admin\AppData\Roaming\npm-cache correctMkdir not in flight; initializing
17 silly cache afterAdd react-classnamePrefix-loader@1.0.0
18 verbose afterAdd C:\Users\Admin\AppData\Roaming\npm-cache\react-classnamePrefix-loader\1.0.0\package\package.json not in flight; writing
19 verbose correctMkdir C:\Users\Admin\AppData\Roaming\npm-cache correctMkdir not in flight; initializing
20 verbose afterAdd C:\Users\Admin\AppData\Roaming\npm-cache\react-classnamePrefix-loader\1.0.0\package\package.json written
21 silly publish { name: 'react-classnamePrefix-loader',
21 silly publish   version: '1.0.0',
21 silly publish   main: 'index.js',
21 silly publish   repository:
21 silly publish    { type: 'git',
21 silly publish      url: 'git+https://github.com/vaheqelyan/react-classnamePrefix-loader.git' },
21 silly publish   author: { name: 'vaheqelyan', email: 'vahe.araqelyan.2013@hotmail.com' },
21 silly publish   keywords: [ 'react', 'classname', 'prefix', 'webpack', 'loader' ],
21 silly publish   license: 'MIT',
21 silly publish   dependencies: { 'loader-utils': '^1.0.2', recast: '^0.11.22' },
21 silly publish   devDependencies:
21 silly publish    { 'babel-core': '^6.23.1',
21 silly publish      'babel-loader': '^6.3.2',
21 silly publish      'babel-preset-es2015': '^6.22.0',
21 silly publish      'babel-preset-react': '^6.23.0',
21 silly publish      'babel-preset-stage-0': '^6.22.0',
21 silly publish      'babel-preset-stage-1': '^6.22.0',
21 silly publish      react: '^15.4.2',
21 silly publish      'react-classname-prefix-loader': '^1.0.6',
21 silly publish      'react-dom': '^15.4.2',
21 silly publish      webpack: '^2.2.1' },
21 silly publish   readme: '# react-classnamePrefix-loader',
21 silly publish   readmeFilename: 'README.md',
21 silly publish   gitHead: '8fecee7cbd634afde9dce0f929b6f66806d64465',
21 silly publish   description: '',
21 silly publish   bugs: { url: 'https://github.com/vaheqelyan/react-classnamePrefix-loader/issues' },
21 silly publish   homepage: 'https://github.com/vaheqelyan/react-classnamePrefix-loader#readme',
21 silly publish   _id: 'react-classnamePrefix-loader@1.0.0',
21 silly publish   scripts: {},
21 silly publish   _shasum: 'a9880229dab2d92d373c49c05c1d715c835e48e4',
21 silly publish   _from: '.' }
22 verbose getPublishConfig undefined
23 silly mapToRegistry name react-classnamePrefix-loader
24 silly mapToRegistry using default registry
25 silly mapToRegistry registry https://registry.npmjs.org/
26 silly mapToRegistry data Result {
26 silly mapToRegistry   raw: 'react-classnamePrefix-loader',
26 silly mapToRegistry   scope: null,
26 silly mapToRegistry   escapedName: 'react-classnamePrefix-loader',
26 silly mapToRegistry   name: 'react-classnamePrefix-loader',
26 silly mapToRegistry   rawSpec: '',
26 silly mapToRegistry   spec: 'latest',
26 silly mapToRegistry   type: 'tag' }
27 silly mapToRegistry uri https://registry.npmjs.org/react-classnamePrefix-loader
28 verbose publish registryBase https://registry.npmjs.org/
29 silly publish uploading C:\Users\Admin\AppData\Roaming\npm-cache\react-classnamePrefix-loader\1.0.0\package.tgz
30 verbose request uri https://registry.npmjs.org/react-classnamePrefix-loader
31 verbose request sending authorization for write operation
32 info attempt registry request try #1 at 16:31:19
33 verbose request using bearer token for auth
34 verbose request id d87c9b09bfc7e73b
35 http request PUT https://registry.npmjs.org/react-classnamePrefix-loader
36 http 400 https://registry.npmjs.org/react-classnamePrefix-loader
37 verbose headers { 'content-type': 'application/json',
37 verbose headers   'cache-control': 'max-age=300',
37 verbose headers   'content-length': '72',
37 verbose headers   'accept-ranges': 'bytes',
37 verbose headers   date: 'Sat, 25 Feb 2017 12:31:24 GMT',
37 verbose headers   via: '1.1 varnish',
37 verbose headers   connection: 'keep-alive',
37 verbose headers   'x-served-by': 'cache-fra1242-FRA',
37 verbose headers   'x-cache': 'MISS',
37 verbose headers   'x-cache-hits': '0',
37 verbose headers   'x-timer': 'S1488025883.467840,VS0,VE1327',
37 verbose headers   vary: 'Accept-Encoding' }
38 verbose request invalidating C:\Users\Admin\AppData\Roaming\npm-cache\registry.npmjs.org\react-classnamePrefix-loader on PUT
39 error publish Failed PUT 400
40 verbose stack Error: "react-classnamePrefix-loader" is invalid for new packages : react-classnamePrefix-loader
40 verbose stack     at makeError (C:\Users\Admin\AppData\Roaming\npm\node_modules\npm\node_modules\npm-registry-client\lib\request.js:302:12)
40 verbose stack     at CachingRegistryClient.<anonymous> (C:\Users\Admin\AppData\Roaming\npm\node_modules\npm\node_modules\npm-registry-client\lib\request.js:290:14)
40 verbose stack     at Request._callback (C:\Users\Admin\AppData\Roaming\npm\node_modules\npm\node_modules\npm-registry-client\lib\request.js:210:14)
40 verbose stack     at Request.self.callback (C:\Users\Admin\AppData\Roaming\npm\node_modules\npm\node_modules\request\request.js:187:22)
40 verbose stack     at emitTwo (events.js:106:13)
40 verbose stack     at Request.emit (events.js:191:7)
40 verbose stack     at Request.<anonymous> (C:\Users\Admin\AppData\Roaming\npm\node_modules\npm\node_modules\request\request.js:1044:10)
40 verbose stack     at emitOne (events.js:96:13)
40 verbose stack     at Request.emit (events.js:188:7)
40 verbose stack     at IncomingMessage.<anonymous> (C:\Users\Admin\AppData\Roaming\npm\node_modules\npm\node_modules\request\request.js:965:12)
41 verbose statusCode 400
42 verbose pkgid react-classnamePrefix-loader
43 verbose cwd C:\Users\Admin\Desktop\react-classnamePrefix-loader
44 error Windows_NT 6.3.9600
45 error argv "C:\\Program Files\\nodejs\\node.exe" "C:\\Users\\Admin\\AppData\\Roaming\\npm\\node_modules\\npm\\bin\\npm-cli.js" "publish"
46 error node v6.9.1
47 error npm  v3.10.8
48 error code E400
49 error "react-classnamePrefix-loader" is invalid for new packages : react-classnamePrefix-loader
50 error If you need help, you may report this error at:
50 error     <https://github.com/npm/npm/issues>
51 verbose exit [ 1, true ]
